#
# A fatal error has been detected by the Java Runtime Environment:
#
#  SIGSEGV (0xb) at pc=0x0000000000000000, pid=1058, tid=23811
#
# JRE version: Java(TM) SE Runtime Environment (8.0-b132) (build 1.8.0-b132)
# Java VM: Java HotSpot(TM) 64-Bit Server VM (25.0-b70 mixed mode bsd-amd64 compressed oops)
# Problematic frame:
# C  0x0000000000000000
#
# Failed to write core dump. Core dumps have been disabled. To enable core dumping, try "ulimit -c unlimited" before starting Java again
#
# If you would like to submit a bug report, please visit:
#   http://bugreport.sun.com/bugreport/crash.jsp
# The crash happened outside the Java Virtual Machine in native code.
# See problematic frame for where to report the bug.
#

---------------  T H R E A D  ---------------

Current thread (0x00007fbb3e888000):  JavaThread "SIGTSTP handler" daemon [_thread_in_native, id=23811, stack(0x0000000124336000,0x0000000124436000)]

siginfo:si_signo=SIGSEGV: si_errno=0, si_code=1 (SEGV_MAPERR), si_addr=0x0000000000000000

Registers:
RAX=0x000000010a10fcd0, RBX=0x00000001209a5970, RCX=0x0000000000000000, RDX=0x0000000000000000
RSP=0x0000000124435758, RBP=0x00000001244357b8, RSI=0x0000000000000000, RDI=0x0000000000000012
R8 =0x000000010c222aa7, R9 =0x00000000fffffff0, R10=0x000000010c1d6642, R11=0x000000010b69a413
R12=0x0000000000000000, R13=0x00000001209a5970, R14=0x00000001244357e8, R15=0x00007fbb3e888000
RIP=0x0000000000000000, EFLAGS=0x0000000000010246, ERR=0x0000000000000014
  TRAPNO=0x000000000000000e

Top of Stack: (sp=0x0000000124435758)
0x0000000124435758:   000000010c1d666e 00000001244357b8
0x0000000124435768:   000000010c1d6401 000000010c1d63bc
0x0000000124435778:   0000000124435778 00000001209a5970
0x0000000124435788:   00000001244357e8 00000001209a6900
0x0000000124435798:   0000000000000000 00000001209a5970
0x00000001244357a8:   0000000000000000 00000001244357d8
0x00000001244357b8:   0000000124435830 000000010c1c92e0
0x00000001244357c8:   0000000740148fd0 000000010c1d0c18
0x00000001244357d8:   0000000000000000 000000074002a628
0x00000001244357e8:   0000000000000012 00000001244357f0
0x00000001244357f8:   00000001209a58d8 0000000124435848
0x0000000124435808:   00000001209a6900 0000000000000000
0x0000000124435818:   00000001209a58e8 00000001244357d8
0x0000000124435828:   0000000124435840 0000000124435890
0x0000000124435838:   000000010c1c9325 0000000795ae71d8
0x0000000124435848:   000000074002a628 0000000124435850
0x0000000124435858:   0000000120c4aac9 00000001244358b8
0x0000000124435868:   0000000120c4ff08 0000000000000000
0x0000000124435878:   0000000120c4ab00 0000000124435840
0x0000000124435888:   00000001244358b0 0000000124435900
0x0000000124435898:   000000010c1c9325 0000000000000000
0x00000001244358a8:   0000000795ae71f0 0000000795ae71d8
0x00000001244358b8:   000000074014dfd8 00000001244358c0
0x00000001244358c8:   0000000120c2e198 0000000124435910
0x00000001244358d8:   0000000120c2e218 0000000000000000
0x00000001244358e8:   0000000120c2e1a8 00000001244358b0
0x00000001244358f8:   0000000124435910 0000000124435958
0x0000000124435908:   000000010c1c9325 0000000795b14df0
0x0000000124435918:   0000000124435918 00000001208722e3
0x0000000124435928:   0000000124435968 00000001208e4f90
0x0000000124435938:   0000000000000000 00000001208722f0
0x0000000124435948:   0000000124435910 0000000124435968 

Instructions: (pc=0x0000000000000000)
0xffffffffffffffe0:   

Register to memory mapping:

RAX=0x000000010a10fcd0: Java_sun_misc_NativeSignalHandler_handle0+0 in /Library/Java/JavaVirtualMachines/jdk1.8.0.jdk/Contents/Home/jre/lib/libjava.dylib at 0x000000010a10c000
RBX=0x00000001209a5970 is an unknown value
RCX=0x0000000000000000 is an unknown value
RDX=0x0000000000000000 is an unknown value
RSP=0x0000000124435758 is pointing into the stack for thread: 0x00007fbb3e888000
RBP=0x00000001244357b8 is pointing into the stack for thread: 0x00007fbb3e888000
RSI=0x0000000000000000 is an unknown value
RDI=0x0000000000000012 is an unknown value
R8 =0x000000010c222aa7 is at code_begin+7 in 
[CodeBlob (0x000000010c222a50)]
Framesize: 0
BufferBlob (0x000000010c222a50) used for Signature Handler Temp Buffer
R9 =0x00000000fffffff0 is an unknown value
R10=0x000000010c1d6642 is at code_begin+802 in an Interpreter codelet
method entry point (kind = native)  [0x000000010c1d6320, 0x000000010c1d6c20]  2304 bytes
R11=0x000000010b69a413: throw_unsatisfied_link_error+0 in /Library/Java/JavaVirtualMachines/jdk1.8.0.jdk/Contents/Home/jre/lib/server/libjvm.dylib at 0x000000010b200000
R12=0x0000000000000000 is an unknown value
R13=0x00000001209a5970 is an unknown value
R14=0x00000001244357e8 is pointing into the stack for thread: 0x00007fbb3e888000
R15=0x00007fbb3e888000 is a thread


Stack: [0x0000000124336000,0x0000000124436000],  sp=0x0000000124435758,  free space=1021k
Java frames: (J=compiled Java code, j=interpreted, Vv=VM code)
j  sun.misc.NativeSignalHandler.handle0(IJ)V+0
j  sun.misc.NativeSignalHandler.handle(Lsun/misc/Signal;)V+8
j  Capsule.handle(Lsun/misc/Signal;)V+209
j  sun.misc.Signal$1.run()V+8
j  java.lang.Thread.run()V+11
v  ~StubRoutines::call_stub

---------------  P R O C E S S  ---------------

Java Threads: ( => current thread )
  0x00007fbb3c0a8800 JavaThread "process reaper" daemon [_thread_blocked, id=24323, stack(0x0000000123e6a000,0x0000000123e92000)]
=>0x00007fbb3e888000 JavaThread "SIGTSTP handler" daemon [_thread_in_native, id=23811, stack(0x0000000124336000,0x0000000124436000)]
  0x00007fbb3f8ec800 JavaThread "process reaper" daemon [_thread_in_native, id=23299, stack(0x0000000123ce3000,0x0000000123d0b000)]
  0x00007fbb3c800800 JavaThread "Service Thread" daemon [_thread_blocked, id=22275, stack(0x0000000123852000,0x0000000123952000)]
  0x00007fbb3f804000 JavaThread "C1 CompilerThread3" daemon [_thread_blocked, id=21763, stack(0x000000012374f000,0x000000012384f000)]
  0x00007fbb3f802000 JavaThread "C2 CompilerThread2" daemon [_thread_blocked, id=21251, stack(0x000000012364c000,0x000000012374c000)]
  0x00007fbb40001000 JavaThread "C2 CompilerThread1" daemon [_thread_blocked, id=20739, stack(0x0000000123549000,0x0000000123649000)]
  0x00007fbb3e02d000 JavaThread "C2 CompilerThread0" daemon [_thread_blocked, id=20227, stack(0x0000000123446000,0x0000000123546000)]
  0x00007fbb3e05a800 JavaThread "Signal Dispatcher" daemon [_thread_blocked, id=19715, stack(0x0000000123343000,0x0000000123443000)]
  0x00007fbb3e05a000 JavaThread "Finalizer" daemon [_thread_blocked, id=14595, stack(0x00000001230f4000,0x00000001231f4000)]
  0x00007fbb3e059000 JavaThread "Reference Handler" daemon [_thread_blocked, id=14083, stack(0x0000000122ff1000,0x00000001230f1000)]
  0x00007fbb3c00c800 JavaThread "main" [_thread_blocked, id=6403, stack(0x000000010c0c0000,0x000000010c1c0000)]

Other Threads:
  0x00007fbb3e054800 VMThread [stack: 0x0000000122eee000,0x0000000122fee000] [id=13571]
  0x00007fbb3c801800 WatcherThread [stack: 0x0000000123955000,0x0000000123a55000] [id=22787]

VM state:not at safepoint (normal execution)

VM Mutex/Monitor currently owned by a thread: None

Heap:
 PSYoungGen      total 13312K, used 6698K [0x0000000795580000, 0x0000000796400000, 0x00000007c0000000)
  eden space 11776K, 52% used [0x0000000795580000,0x0000000795b8a9c8,0x0000000796100000)
  from space 1536K, 33% used [0x0000000796280000,0x0000000796300000,0x0000000796400000)
  to   space 1536K, 0% used [0x0000000796100000,0x0000000796100000,0x0000000796280000)
 ParOldGen       total 129536K, used 1980K [0x0000000740000000, 0x0000000747e80000, 0x0000000795580000)
  object space 129536K, 1% used [0x0000000740000000,0x00000007401ef380,0x0000000747e80000)
 Metaspace       used 6869K, capacity 7058K, committed 7296K, reserved 1056768K
  class space    used 777K, capacity 821K, committed 896K, reserved 1048576K

Card table byte_map: [0x000000011b582000,0x000000011b983000] byte_map_base: 0x0000000117b82000

Marking Bits: (ParMarkBitMap*) 0x000000010ba660a0
 Begin Bits: [0x000000011c446000, 0x000000011e446000)
 End Bits:   [0x000000011e446000, 0x0000000120446000)

Polling page: 0x000000010a140000

CodeCache: size=245760Kb used=3805Kb max_used=3819Kb free=241954Kb
 bounds [0x000000010c1c2000, 0x000000010c592000, 0x000000011b1c2000]
 total_blobs=1312 nmethods=1029 adapters=199
 compilation: enabled

Compilation events (10 events):
Event: 0.749 Thread 0x00007fbb3f802000 1027       4       java.util.HashMap$EntryIterator::next (5 bytes)
Event: 0.749 Thread 0x00007fbb40001000 nmethod 790 0x000000010c57e890 code [0x000000010c57edc0, 0x000000010c582050]
Event: 0.750 Thread 0x00007fbb40001000  998       4       java.util.LinkedList::removeFirst (23 bytes)
Event: 0.750 Thread 0x00007fbb3e02d000 nmethod 850 0x000000010c56c110 code [0x000000010c56c260, 0x000000010c56c338]
Event: 0.750 Thread 0x00007fbb3e02d000  767       4       org.codehaus.plexus.util.xml.pull.MXParser::ensureElementsCapacity (265 bytes)
Event: 0.751 Thread 0x00007fbb40001000 nmethod 998 0x000000010c57c150 code [0x000000010c57c280, 0x000000010c57c338]
Event: 0.753 Thread 0x00007fbb3f802000 nmethod 1027 0x000000010c5789d0 code [0x000000010c578b20, 0x000000010c578d18]
Event: 0.753 Thread 0x00007fbb3f804000 1029       3       java.util.regex.Pattern$Node::<init> (12 bytes)
Event: 0.754 Thread 0x00007fbb3f804000 nmethod 1029 0x000000010c57bd50 code [0x000000010c57bec0, 0x000000010c57c090]
Event: 0.767 Thread 0x00007fbb3e02d000 nmethod 767 0x000000010c579210 code [0x000000010c5793c0, 0x000000010c57a218]

GC Heap History (10 events):
Event: 0.250 GC heap before
{Heap before GC invocations=6 (full 0):
 PSYoungGen      total 2560K, used 2528K [0x0000000795580000, 0x0000000795b80000, 0x00000007c0000000)
  eden space 2048K, 100% used [0x0000000795580000,0x0000000795780000,0x0000000795780000)
  from space 512K, 93% used [0x0000000795780000,0x00000007957f8020,0x0000000795800000)
  to   space 1024K, 0% used [0x0000000795a80000,0x0000000795a80000,0x0000000795b80000)
 ParOldGen       total 129536K, used 1036K [0x0000000740000000, 0x0000000747e80000, 0x0000000795580000)
  object space 129536K, 0% used [0x0000000740000000,0x0000000740103310,0x0000000747e80000)
 Metaspace       used 4441K, capacity 5612K, committed 5760K, reserved 1056768K
  class space    used 508K, capacity 552K, committed 640K, reserved 1048576K
Event: 0.251 GC heap after
Heap after GC invocations=6 (full 0):
 PSYoungGen      total 4608K, used 984K [0x0000000795580000, 0x0000000795c80000, 0x00000007c0000000)
  eden space 3584K, 0% used [0x0000000795580000,0x0000000795580000,0x0000000795900000)
  from space 1024K, 96% used [0x0000000795a80000,0x0000000795b761d0,0x0000000795b80000)
  to   space 1536K, 0% used [0x0000000795900000,0x0000000795900000,0x0000000795a80000)
 ParOldGen       total 129536K, used 1044K [0x0000000740000000, 0x0000000747e80000, 0x0000000795580000)
  object space 129536K, 0% used [0x0000000740000000,0x0000000740105310,0x0000000747e80000)
 Metaspace       used 4441K, capacity 5612K, committed 5760K, reserved 1056768K
  class space    used 508K, capacity 552K, committed 640K, reserved 1048576K
}
Event: 0.354 GC heap before
{Heap before GC invocations=7 (full 0):
 PSYoungGen      total 4608K, used 4558K [0x0000000795580000, 0x0000000795c80000, 0x00000007c0000000)
  eden space 3584K, 99% used [0x0000000795580000,0x00000007958fd700,0x0000000795900000)
  from space 1024K, 96% used [0x0000000795a80000,0x0000000795b761d0,0x0000000795b80000)
  to   space 1536K, 0% used [0x0000000795900000,0x0000000795900000,0x0000000795a80000)
 ParOldGen       total 129536K, used 1044K [0x0000000740000000, 0x0000000747e80000, 0x0000000795580000)
  object space 129536K, 0% used [0x0000000740000000,0x0000000740105310,0x0000000747e80000)
 Metaspace       used 5786K, capacity 6452K, committed 6656K, reserved 1056768K
  class space    used 666K, capacity 688K, committed 768K, reserved 1048576K
Event: 0.357 GC heap after
Heap after GC invocations=7 (full 0):
 PSYoungGen      total 5120K, used 1268K [0x0000000795580000, 0x0000000795f80000, 0x00000007c0000000)
  eden space 3584K, 0% used [0x0000000795580000,0x0000000795580000,0x0000000795900000)
  from space 1536K, 82% used [0x0000000795900000,0x0000000795a3d3e0,0x0000000795a80000)
  to   space 1536K, 0% used [0x0000000795e00000,0x0000000795e00000,0x0000000795f80000)
 ParOldGen       total 129536K, used 1332K [0x0000000740000000, 0x0000000747e80000, 0x0000000795580000)
  object space 129536K, 1% used [0x0000000740000000,0x000000074014d360,0x0000000747e80000)
 Metaspace       used 5786K, capacity 6452K, committed 6656K, reserved 1056768K
  class space    used 666K, capacity 688K, committed 768K, reserved 1048576K
}
Event: 0.460 GC heap before
{Heap before GC invocations=8 (full 0):
 PSYoungGen      total 5120K, used 4848K [0x0000000795580000, 0x0000000795f80000, 0x00000007c0000000)
  eden space 3584K, 99% used [0x0000000795580000,0x00000007958feed8,0x0000000795900000)
  from space 1536K, 82% used [0x0000000795900000,0x0000000795a3d3e0,0x0000000795a80000)
  to   space 1536K, 0% used [0x0000000795e00000,0x0000000795e00000,0x0000000795f80000)
 ParOldGen       total 129536K, used 1332K [0x0000000740000000, 0x0000000747e80000, 0x0000000795580000)
  object space 129536K, 1% used [0x0000000740000000,0x000000074014d360,0x0000000747e80000)
 Metaspace       used 6279K, capacity 6790K, committed 6912K, reserved 1056768K
  class space    used 718K, capacity 755K, committed 768K, reserved 1048576K
Event: 0.463 GC heap after
Heap after GC invocations=8 (full 0):
 PSYoungGen      total 8704K, used 838K [0x0000000795580000, 0x0000000795f80000, 0x00000007c0000000)
  eden space 7168K, 0% used [0x0000000795580000,0x0000000795580000,0x0000000795c80000)
  from space 1536K, 54% used [0x0000000795e00000,0x0000000795ed1910,0x0000000795f80000)
  to   space 1536K, 0% used [0x0000000795c80000,0x0000000795c80000,0x0000000795e00000)
 ParOldGen       total 129536K, used 1444K [0x0000000740000000, 0x0000000747e80000, 0x0000000795580000)
  object space 129536K, 1% used [0x0000000740000000,0x0000000740169360,0x0000000747e80000)
 Metaspace       used 6279K, capacity 6790K, committed 6912K, reserved 1056768K
  class space    used 718K, capacity 755K, committed 768K, reserved 1048576K
}
Event: 0.594 GC heap before
{Heap before GC invocations=9 (full 0):
 PSYoungGen      total 8704K, used 8006K [0x0000000795580000, 0x0000000795f80000, 0x00000007c0000000)
  eden space 7168K, 100% used [0x0000000795580000,0x0000000795c80000,0x0000000795c80000)
  from space 1536K, 54% used [0x0000000795e00000,0x0000000795ed1910,0x0000000795f80000)
  to   space 1536K, 0% used [0x0000000795c80000,0x0000000795c80000,0x0000000795e00000)
 ParOldGen       total 129536K, used 1444K [0x0000000740000000, 0x0000000747e80000, 0x0000000795580000)
  object space 129536K, 1% used [0x0000000740000000,0x0000000740169360,0x0000000747e80000)
 Metaspace       used 6415K, capacity 6866K, committed 6912K, reserved 1056768K
  class space    used 725K, capacity 757K, committed 768K, reserved 1048576K
Event: 0.597 GC heap after
Heap after GC invocations=9 (full 0):
 PSYoungGen      total 8704K, used 944K [0x0000000795580000, 0x0000000796400000, 0x00000007c0000000)
  eden space 7168K, 0% used [0x0000000795580000,0x0000000795580000,0x0000000795c80000)
  from space 1536K, 61% used [0x0000000795c80000,0x0000000795d6c010,0x0000000795e00000)
  to   space 1536K, 0% used [0x0000000796280000,0x0000000796280000,0x0000000796400000)
 ParOldGen       total 129536K, used 1572K [0x0000000740000000, 0x0000000747e80000, 0x0000000795580000)
  object space 129536K, 1% used [0x0000000740000000,0x0000000740189360,0x0000000747e80000)
 Metaspace       used 6415K, capacity 6866K, committed 6912K, reserved 1056768K
  class space    used 725K, capacity 757K, committed 768K, reserved 1048576K
}
Event: 0.691 GC heap before
{Heap before GC invocations=10 (full 0):
 PSYoungGen      total 8704K, used 8112K [0x0000000795580000, 0x0000000796400000, 0x00000007c0000000)
  eden space 7168K, 100% used [0x0000000795580000,0x0000000795c80000,0x0000000795c80000)
  from space 1536K, 61% used [0x0000000795c80000,0x0000000795d6c010,0x0000000795e00000)
  to   space 1536K, 0% used [0x0000000796280000,0x0000000796280000,0x0000000796400000)
 ParOldGen       total 129536K, used 1572K [0x0000000740000000, 0x0000000747e80000, 0x0000000795580000)
  object space 129536K, 1% used [0x0000000740000000,0x0000000740189360,0x0000000747e80000)
 Metaspace       used 6563K, capacity 6962K, committed 7296K, reserved 1056768K
  class space    used 738K, capacity 789K, committed 896K, reserved 1048576K
Event: 0.693 GC heap after
Heap after GC invocations=10 (full 0):
 PSYoungGen      total 13312K, used 512K [0x0000000795580000, 0x0000000796400000, 0x00000007c0000000)
  eden space 11776K, 0% used [0x0000000795580000,0x0000000795580000,0x0000000796100000)
  from space 1536K, 33% used [0x0000000796280000,0x0000000796300000,0x0000000796400000)
  to   space 1536K, 0% used [0x0000000796100000,0x0000000796100000,0x0000000796280000)
 ParOldGen       total 129536K, used 1980K [0x0000000740000000, 0x0000000747e80000, 0x0000000795580000)
  object space 129536K, 1% used [0x0000000740000000,0x00000007401ef380,0x0000000747e80000)
 Metaspace       used 6563K, capacity 6962K, committed 7296K, reserved 1056768K
  class space    used 738K, capacity 789K, committed 896K, reserved 1048576K
}

Deoptimization events (5 events):
Event: 0.450 Thread 0x00007fbb3c00c800 Uncommon trap: reason=unreached action=reinterpret pc=0x000000010c409a6c method=java.lang.reflect.AccessibleObject.setAccessible0(Ljava/lang/reflect/AccessibleObject;Z)V @ 4
Event: 0.505 Thread 0x00007fbb3c00c800 Uncommon trap: reason=null_check action=make_not_entrant pc=0x000000010c469180 method=org.apache.maven.model.io.xpp3.MavenXpp3Reader.checkFieldWithDuplicate(Lorg/codehaus/plexus/util/xml/pull/XmlPullParser;Ljava/lang/String;Ljava/lang/String;Ljava/util/Se
Event: 0.606 Thread 0x00007fbb3c00c800 Uncommon trap: reason=class_check action=maybe_recompile pc=0x000000010c4a186c method=java.util.HashMap.putVal(ILjava/lang/Object;Ljava/lang/Object;ZZ)Ljava/lang/Object; @ 203
Event: 0.624 Thread 0x00007fbb3c00c800 Uncommon trap: reason=unreached action=reinterpret pc=0x000000010c358a68 method=java.util.HashMap.hash(Ljava/lang/Object;)I @ 1
Event: 0.626 Thread 0x00007fbb3c00c800 Uncommon trap: reason=unreached action=reinterpret pc=0x000000010c34daac method=java.util.HashMap.getNode(ILjava/lang/Object;)Ljava/util/HashMap$Node; @ 53

Internal exceptions (10 events):
Event: 0.620 Thread 0x00007fbb3c00c800 Exception <a 'java/security/PrivilegedActionException'> (0x00000007956e4eb8) thrown at [/HUDSON/workspace/8-2-build-macosx-x86_64/jdk8/2238/hotspot/src/share/vm/prims/jvm.cpp, line 1248]
Event: 0.621 Thread 0x00007fbb3c00c800 Exception <a 'java/security/PrivilegedActionException'> (0x00000007956e9f00) thrown at [/HUDSON/workspace/8-2-build-macosx-x86_64/jdk8/2238/hotspot/src/share/vm/prims/jvm.cpp, line 1248]
Event: 0.622 Thread 0x00007fbb3c00c800 Exception <a 'java/security/PrivilegedActionException'> (0x00000007956f68b8) thrown at [/HUDSON/workspace/8-2-build-macosx-x86_64/jdk8/2238/hotspot/src/share/vm/prims/jvm.cpp, line 1248]
Event: 0.623 Thread 0x00007fbb3c00c800 Exception <a 'java/security/PrivilegedActionException'> (0x00000007956fd238) thrown at [/HUDSON/workspace/8-2-build-macosx-x86_64/jdk8/2238/hotspot/src/share/vm/prims/jvm.cpp, line 1248]
Event: 0.623 Thread 0x00007fbb3c00c800 Exception <a 'java/security/PrivilegedActionException'> (0x0000000795703778) thrown at [/HUDSON/workspace/8-2-build-macosx-x86_64/jdk8/2238/hotspot/src/share/vm/prims/jvm.cpp, line 1248]
Event: 0.624 Thread 0x00007fbb3c00c800 Exception <a 'java/security/PrivilegedActionException'> (0x000000079570a460) thrown at [/HUDSON/workspace/8-2-build-macosx-x86_64/jdk8/2238/hotspot/src/share/vm/prims/jvm.cpp, line 1248]
Event: 0.624 Thread 0x00007fbb3c00c800 Implicit null exception at 0x000000010c358855 to 0x000000010c358a59
Event: 0.625 Thread 0x00007fbb3c00c800 Exception <a 'java/security/PrivilegedActionException'> (0x000000079570f348) thrown at [/HUDSON/workspace/8-2-build-macosx-x86_64/jdk8/2238/hotspot/src/share/vm/prims/jvm.cpp, line 1248]
Event: 0.630 Thread 0x00007fbb3c00c800 Exception <a 'java/security/PrivilegedActionException'> (0x000000079571ccc0) thrown at [/HUDSON/workspace/8-2-build-macosx-x86_64/jdk8/2238/hotspot/src/share/vm/prims/jvm.cpp, line 1248]
Event: 0.631 Thread 0x00007fbb3c00c800 Exception <a 'java/security/PrivilegedActionException'> (0x0000000795723398) thrown at [/HUDSON/workspace/8-2-build-macosx-x86_64/jdk8/2238/hotspot/src/share/vm/prims/jvm.cpp, line 1248]

Events (10 events):
Event: 2.709 Thread 0x00007fbb3e888000 Thread added: 0x00007fbb3e888000
Event: 2.709 loading class sun/reflect/UnsafeQualifiedIntegerFieldAccessorImpl
Event: 2.710 loading class sun/reflect/UnsafeQualifiedIntegerFieldAccessorImpl done
Event: 2.713 loading class java/lang/UNIXProcess$ProcessPipeOutputStream
Event: 2.713 loading class java/lang/UNIXProcess$ProcessPipeOutputStream done
Event: 2.713 loading class java/lang/UNIXProcess$ProcessPipeInputStream
Event: 2.713 loading class java/lang/UNIXProcess$ProcessPipeInputStream done
Event: 2.713 Executing VM operation: Deoptimize
Event: 2.714 Executing VM operation: Deoptimize done
Event: 2.714 Thread 0x00007fbb3c0a8800 Thread added: 0x00007fbb3c0a8800


Dynamic libraries:
0x00000000095e0000 	/System/Library/Frameworks/Cocoa.framework/Versions/A/Cocoa
0x00000000095e0000 	/System/Library/Frameworks/Security.framework/Versions/A/Security
0x00000000095e0000 	/System/Library/Frameworks/ApplicationServices.framework/Versions/A/ApplicationServices
0x00000000095e0000 	/usr/lib/libz.1.dylib
0x00000000095e0000 	/usr/lib/libSystem.B.dylib
0x00000000095e0000 	/usr/lib/libobjc.A.dylib
0x00000000095e0000 	/System/Library/Frameworks/CoreFoundation.framework/Versions/A/CoreFoundation
0x00000000095e0000 	/System/Library/Frameworks/Foundation.framework/Versions/C/Foundation
0x00000000095e0000 	/System/Library/Frameworks/AppKit.framework/Versions/C/AppKit
0x00000000095e0000 	/System/Library/Frameworks/CoreData.framework/Versions/A/CoreData
0x00000000095e0000 	/System/Library/PrivateFrameworks/RemoteViewServices.framework/Versions/A/RemoteViewServices
0x00000000095e0000 	/System/Library/Frameworks/AudioToolbox.framework/Versions/A/AudioToolbox
0x00000000095e0000 	/System/Library/Frameworks/AudioUnit.framework/Versions/A/AudioUnit
0x00000000095e0000 	/System/Library/PrivateFrameworks/DataDetectorsCore.framework/Versions/A/DataDetectorsCore
0x00000000095e0000 	/System/Library/PrivateFrameworks/DesktopServicesPriv.framework/Versions/A/DesktopServicesPriv
0x00000000095e0000 	/System/Library/Frameworks/Carbon.framework/Versions/A/Frameworks/HIToolbox.framework/Versions/A/HIToolbox
0x00000000095e0000 	/System/Library/Frameworks/QuartzCore.framework/Versions/A/QuartzCore
0x00000000095e0000 	/System/Library/Frameworks/Carbon.framework/Versions/A/Frameworks/SpeechRecognition.framework/Versions/A/SpeechRecognition
0x00000000095e0000 	/usr/lib/libauto.dylib
0x00000000095e0000 	/usr/lib/libicucore.A.dylib
0x00000000095e0000 	/usr/lib/libxml2.2.dylib
0x00000000095e0000 	/System/Library/PrivateFrameworks/CoreUI.framework/Versions/A/CoreUI
0x00000000095e0000 	/System/Library/Frameworks/CoreAudio.framework/Versions/A/CoreAudio
0x00000000095e0000 	/System/Library/Frameworks/DiskArbitration.framework/Versions/A/DiskArbitration
0x00000000095e0000 	/usr/lib/liblangid.dylib
0x00000000095e0000 	/System/Library/PrivateFrameworks/MultitouchSupport.framework/Versions/A/MultitouchSupport
0x00000000095e0000 	/System/Library/Frameworks/IOKit.framework/Versions/A/IOKit
0x00000000095e0000 	/usr/lib/libDiagnosticMessagesClient.dylib
0x00000000095e0000 	/System/Library/Frameworks/CoreServices.framework/Versions/A/CoreServices
0x00000000095e0000 	/System/Library/PrivateFrameworks/PerformanceAnalysis.framework/Versions/A/PerformanceAnalysis
0x00000000095e0000 	/System/Library/PrivateFrameworks/GenerationalStorage.framework/Versions/A/GenerationalStorage
0x00000000095e0000 	/System/Library/Frameworks/OpenGL.framework/Versions/A/OpenGL
0x00000000095e0000 	/System/Library/PrivateFrameworks/Sharing.framework/Versions/A/Sharing
0x00000000095e0000 	/System/Library/Frameworks/ImageIO.framework/Versions/A/ImageIO
0x00000000095e0000 	/System/Library/Frameworks/CoreText.framework/Versions/A/CoreText
0x00000000095e0000 	/System/Library/Frameworks/CoreGraphics.framework/Versions/A/CoreGraphics
0x00000000095e0000 	/System/Library/PrivateFrameworks/Backup.framework/Versions/A/Backup
0x00000000095e0000 	/System/Library/Frameworks/CFNetwork.framework/Versions/A/CFNetwork
0x00000000095e0000 	/System/Library/Frameworks/SystemConfiguration.framework/Versions/A/SystemConfiguration
0x00000000095e0000 	/usr/lib/libCRFSuite.dylib
0x00000000095e0000 	/usr/lib/libc++.1.dylib
0x00000000095e0000 	/usr/lib/libc++abi.dylib
0x00000000095e0000 	/usr/lib/system/libcache.dylib
0x00000000095e0000 	/usr/lib/system/libcommonCrypto.dylib
0x00000000095e0000 	/usr/lib/system/libcompiler_rt.dylib
0x00000000095e0000 	/usr/lib/system/libcopyfile.dylib
0x00000000095e0000 	/usr/lib/system/libcorecrypto.dylib
0x00000000095e0000 	/usr/lib/system/libdispatch.dylib
0x00000000095e0000 	/usr/lib/system/libdyld.dylib
0x00000000095e0000 	/usr/lib/system/libkeymgr.dylib
0x00000000095e0000 	/usr/lib/system/liblaunch.dylib
0x00000000095e0000 	/usr/lib/system/libmacho.dylib
0x00000000095e0000 	/usr/lib/system/libquarantine.dylib
0x00000000095e0000 	/usr/lib/system/libremovefile.dylib
0x00000000095e0000 	/usr/lib/system/libsystem_asl.dylib
0x00000000095e0000 	/usr/lib/system/libsystem_blocks.dylib
0x00000000095e0000 	/usr/lib/system/libsystem_c.dylib
0x00000000095e0000 	/usr/lib/system/libsystem_configuration.dylib
0x00000000095e0000 	/usr/lib/system/libsystem_dnssd.dylib
0x00000000095e0000 	/usr/lib/system/libsystem_info.dylib
0x00000000095e0000 	/usr/lib/system/libsystem_kernel.dylib
0x00000000095e0000 	/usr/lib/system/libsystem_m.dylib
0x00000000095e0000 	/usr/lib/system/libsystem_malloc.dylib
0x00000000095e0000 	/usr/lib/system/libsystem_network.dylib
0x00000000095e0000 	/usr/lib/system/libsystem_notify.dylib
0x00000000095e0000 	/usr/lib/system/libsystem_platform.dylib
0x00000000095e0000 	/usr/lib/system/libsystem_pthread.dylib
0x00000000095e0000 	/usr/lib/system/libsystem_sandbox.dylib
0x00000000095e0000 	/usr/lib/system/libsystem_stats.dylib
0x00000000095e0000 	/usr/lib/system/libunc.dylib
0x00000000095e0000 	/usr/lib/system/libunwind.dylib
0x00000000095e0000 	/usr/lib/system/libxpc.dylib
0x00000000095e0000 	/usr/lib/libbsm.0.dylib
0x00000000095e0000 	/usr/lib/libsqlite3.dylib
0x00000000095e0000 	/usr/lib/libxar.1.dylib
0x00000000095e0000 	/usr/lib/libpam.2.dylib
0x00000000095e0000 	/usr/lib/libOpenScriptingUtil.dylib
0x00000000095e0000 	/usr/lib/libbz2.1.0.dylib
0x00000000095e0000 	/System/Library/Frameworks/CoreServices.framework/Versions/A/Frameworks/CarbonCore.framework/Versions/A/CarbonCore
0x00000000095e0000 	/System/Library/Frameworks/CoreServices.framework/Versions/A/Frameworks/Metadata.framework/Versions/A/Metadata
0x00000000095e0000 	/System/Library/Frameworks/CoreServices.framework/Versions/A/Frameworks/OSServices.framework/Versions/A/OSServices
0x00000000095e0000 	/System/Library/Frameworks/CoreServices.framework/Versions/A/Frameworks/SearchKit.framework/Versions/A/SearchKit
0x00000000095e0000 	/System/Library/Frameworks/CoreServices.framework/Versions/A/Frameworks/AE.framework/Versions/A/AE
0x00000000095e0000 	/System/Library/Frameworks/CoreServices.framework/Versions/A/Frameworks/LaunchServices.framework/Versions/A/LaunchServices
0x00000000095e0000 	/System/Library/Frameworks/CoreServices.framework/Versions/A/Frameworks/DictionaryServices.framework/Versions/A/DictionaryServices
0x00000000095e0000 	/System/Library/Frameworks/NetFS.framework/Versions/A/NetFS
0x00000000095e0000 	/usr/lib/system/libkxld.dylib
0x00000000095e0000 	/System/Library/PrivateFrameworks/NetAuth.framework/Versions/A/NetAuth
0x00000000095e0000 	/System/Library/PrivateFrameworks/TCC.framework/Versions/A/TCC
0x00000000095e0000 	/System/Library/Frameworks/OpenDirectory.framework/Versions/A/Frameworks/CFOpenDirectory.framework/Versions/A/CFOpenDirectory
0x00000000095e0000 	/System/Library/Frameworks/ServiceManagement.framework/Versions/A/ServiceManagement
0x00000000095e0000 	/usr/lib/libxslt.1.dylib
0x00000000095e0000 	/System/Library/Frameworks/Carbon.framework/Versions/A/Frameworks/Ink.framework/Versions/A/Ink
0x00000000095e0000 	/System/Library/Frameworks/ApplicationServices.framework/Versions/A/Frameworks/ATS.framework/Versions/A/ATS
0x00000000095e0000 	/System/Library/Frameworks/ApplicationServices.framework/Versions/A/Frameworks/ColorSync.framework/Versions/A/ColorSync
0x00000000095e0000 	/System/Library/Frameworks/ApplicationServices.framework/Versions/A/Frameworks/HIServices.framework/Versions/A/HIServices
0x00000000095e0000 	/System/Library/Frameworks/ApplicationServices.framework/Versions/A/Frameworks/LangAnalysis.framework/Versions/A/LangAnalysis
0x00000000095e0000 	/System/Library/Frameworks/ApplicationServices.framework/Versions/A/Frameworks/PrintCore.framework/Versions/A/PrintCore
0x00000000095e0000 	/System/Library/Frameworks/ApplicationServices.framework/Versions/A/Frameworks/QD.framework/Versions/A/QD
0x00000000095e0000 	/System/Library/Frameworks/ApplicationServices.framework/Versions/A/Frameworks/SpeechSynthesis.framework/Versions/A/SpeechSynthesis
0x00000000095e0000 	/System/Library/Frameworks/IOSurface.framework/Versions/A/IOSurface
0x00000000095e0000 	/System/Library/Frameworks/Accelerate.framework/Versions/A/Accelerate
0x00000000095e0000 	/System/Library/Frameworks/Accelerate.framework/Versions/A/Frameworks/vImage.framework/Versions/A/vImage
0x00000000095e0000 	/System/Library/Frameworks/Accelerate.framework/Versions/A/Frameworks/vecLib.framework/Versions/A/vecLib
0x00000000095e0000 	/System/Library/Frameworks/Accelerate.framework/Versions/A/Frameworks/vecLib.framework/Versions/A/libvDSP.dylib
0x00000000095e0000 	/System/Library/Frameworks/Accelerate.framework/Versions/A/Frameworks/vecLib.framework/Versions/A/libvMisc.dylib
0x00000000095e0000 	/System/Library/Frameworks/Accelerate.framework/Versions/A/Frameworks/vecLib.framework/Versions/A/libLAPACK.dylib
0x00000000095e0000 	/System/Library/Frameworks/Accelerate.framework/Versions/A/Frameworks/vecLib.framework/Versions/A/libBLAS.dylib
0x00000000095e0000 	/System/Library/Frameworks/ApplicationServices.framework/Versions/A/Frameworks/ATS.framework/Versions/A/Resources/libFontParser.dylib
0x00000000095e0000 	/System/Library/Frameworks/ApplicationServices.framework/Versions/A/Frameworks/ATS.framework/Versions/A/Resources/libFontRegistry.dylib
0x00000000095e0000 	/System/Library/Frameworks/ImageIO.framework/Versions/A/Resources/libJPEG.dylib
0x00000000095e0000 	/System/Library/Frameworks/ImageIO.framework/Versions/A/Resources/libTIFF.dylib
0x00000000095e0000 	/System/Library/Frameworks/ImageIO.framework/Versions/A/Resources/libPng.dylib
0x00000000095e0000 	/System/Library/Frameworks/ImageIO.framework/Versions/A/Resources/libGIF.dylib
0x00000000095e0000 	/System/Library/Frameworks/ImageIO.framework/Versions/A/Resources/libJP2.dylib
0x00000000095e0000 	/System/Library/Frameworks/ImageIO.framework/Versions/A/Resources/libRadiance.dylib
0x00000000095e0000 	/usr/lib/libcups.2.dylib
0x00000000095e0000 	/System/Library/Frameworks/Kerberos.framework/Versions/A/Kerberos
0x00000000095e0000 	/System/Library/Frameworks/GSS.framework/Versions/A/GSS
0x00000000095e0000 	/usr/lib/libresolv.9.dylib
0x00000000095e0000 	/usr/lib/libiconv.2.dylib
0x00000000095e0000 	/System/Library/PrivateFrameworks/Heimdal.framework/Versions/A/Heimdal
0x00000000095e0000 	/System/Library/PrivateFrameworks/TrustEvaluationAgent.framework/Versions/A/TrustEvaluationAgent
0x00000000095e0000 	/usr/lib/libheimdal-asn1.dylib
0x00000000095e0000 	/System/Library/Frameworks/OpenDirectory.framework/Versions/A/OpenDirectory
0x00000000095e0000 	/System/Library/PrivateFrameworks/CommonAuth.framework/Versions/A/CommonAuth
0x00000000095e0000 	/System/Library/Frameworks/SecurityFoundation.framework/Versions/A/SecurityFoundation
0x00000000095e0000 	/System/Library/PrivateFrameworks/Bom.framework/Versions/A/Bom
0x00000000095e0000 	/System/Library/Frameworks/CoreVideo.framework/Versions/A/CoreVideo
0x00000000095e0000 	/System/Library/Frameworks/QuartzCore.framework/Versions/A/Frameworks/CoreImage.framework/Versions/A/CoreImage
0x00000000095e0000 	/System/Library/Frameworks/QuartzCore.framework/Versions/A/Frameworks/ScalableUserInterface.framework/Versions/A/ScalableUserInterface
0x00000000095e0000 	/System/Library/Frameworks/OpenGL.framework/Versions/A/Libraries/libGLU.dylib
0x00000000095e0000 	/System/Library/Frameworks/OpenGL.framework/Versions/A/Libraries/libGFXShared.dylib
0x00000000095e0000 	/System/Library/Frameworks/OpenGL.framework/Versions/A/Libraries/libGL.dylib
0x00000000095e0000 	/System/Library/Frameworks/OpenGL.framework/Versions/A/Libraries/libGLImage.dylib
0x00000000095e0000 	/System/Library/Frameworks/OpenGL.framework/Versions/A/Libraries/libCVMSPluginSupport.dylib
0x00000000095e0000 	/System/Library/Frameworks/OpenGL.framework/Versions/A/Libraries/libCoreVMClient.dylib
0x00000000095e0000 	/System/Library/PrivateFrameworks/FaceCore.framework/Versions/A/FaceCore
0x00000000095e0000 	/System/Library/PrivateFrameworks/CrashReporterSupport.framework/Versions/A/CrashReporterSupport
0x00000000095e0000 	/System/Library/Frameworks/OpenCL.framework/Versions/A/OpenCL
0x00000000095e0000 	/System/Library/PrivateFrameworks/AppleFSCompression.framework/Versions/A/AppleFSCompression
0x00000000095e0000 	/System/Library/PrivateFrameworks/Ubiquity.framework/Versions/A/Ubiquity
0x00000000095e0000 	/System/Library/PrivateFrameworks/IconServices.framework/Versions/A/IconServices
0x00000000095e0000 	/System/Library/PrivateFrameworks/ChunkingLibrary.framework/Versions/A/ChunkingLibrary
0x00000000095e0000 	/System/Library/PrivateFrameworks/CoreSymbolication.framework/Versions/A/CoreSymbolication
0x00000000095e0000 	/System/Library/PrivateFrameworks/Symbolication.framework/Versions/A/Symbolication
0x00000000095e0000 	/System/Library/PrivateFrameworks/DebugSymbols.framework/Versions/A/DebugSymbols
0x000000010b200000 	/Library/Java/JavaVirtualMachines/jdk1.8.0.jdk/Contents/Home/jre/lib/server/libjvm.dylib
0x00000000095e0000 	/usr/lib/libstdc++.6.dylib
0x000000010a0fe000 	/Library/Java/JavaVirtualMachines/jdk1.8.0.jdk/Contents/Home/jre/lib/libverify.dylib
0x000000010a10c000 	/Library/Java/JavaVirtualMachines/jdk1.8.0.jdk/Contents/Home/jre/lib/libjava.dylib
0x000000010a14a000 	/Library/Java/JavaVirtualMachines/jdk1.8.0.jdk/Contents/Home/jre/lib/libzip.dylib
0x00000001231f6000 	/System/Library/Frameworks/JavaVM.framework/Frameworks/JavaRuntimeSupport.framework/JavaRuntimeSupport
0x000000012320e000 	/System/Library/Frameworks/JavaVM.framework/Versions/A/Frameworks/JavaNativeFoundation.framework/Versions/A/JavaNativeFoundation
0x0000000123223000 	/System/Library/Frameworks/JavaVM.framework/Versions/A/JavaVM
0x00000000095e0000 	/System/Library/Frameworks/Carbon.framework/Versions/A/Carbon
0x0000000123230000 	/System/Library/PrivateFrameworks/JavaLaunching.framework/Versions/A/JavaLaunching
0x00000000095e0000 	/System/Library/Frameworks/Carbon.framework/Versions/A/Frameworks/CommonPanels.framework/Versions/A/CommonPanels
0x00000000095e0000 	/System/Library/Frameworks/Carbon.framework/Versions/A/Frameworks/Help.framework/Versions/A/Help
0x00000000095e0000 	/System/Library/Frameworks/Carbon.framework/Versions/A/Frameworks/ImageCapture.framework/Versions/A/ImageCapture
0x00000000095e0000 	/System/Library/Frameworks/Carbon.framework/Versions/A/Frameworks/OpenScripting.framework/Versions/A/OpenScripting
0x00000000095e0000 	/System/Library/Frameworks/Carbon.framework/Versions/A/Frameworks/Print.framework/Versions/A/Print
0x00000000095e0000 	/System/Library/Frameworks/Carbon.framework/Versions/A/Frameworks/SecurityHI.framework/Versions/A/SecurityHI
0x0000000123ae0000 	/Library/Java/JavaVirtualMachines/jdk1.8.0.jdk/Contents/Home/jre/lib/libnio.dylib
0x0000000123aef000 	/Library/Java/JavaVirtualMachines/jdk1.8.0.jdk/Contents/Home/jre/lib/./libnet.dylib
0x0000000123d2e000 	/Library/Java/JavaVirtualMachines/jdk1.8.0.jdk/Contents/Home/jre/lib/libmanagement.dylib

VM Arguments:
java_command: build/libs/foo.jar
java_class_path (initial): build/libs/foo.jar
Launcher Type: SUN_STANDARD

Environment Variables:
JAVA_HOME=/Library/Java/JavaVirtualMachines/jdk1.8.0.jdk/Contents/Home
PATH=/Users/pron/.rvm/gems/ruby-2.0.0-p247/bin:/Users/pron/.rvm/gems/ruby-2.0.0-p247@global/bin:/Users/pron/.rvm/rubies/ruby-2.0.0-p247/bin:/Users/pron/.rvm/bin:/Users/pron/bin:/usr/local/bin:/usr/bin:/bin:/usr/sbin:/sbin:/opt/local/bin:opt/local/sbin:/usr/X11/bin:/Users/pron/Projects/lib/gradle-1.11/bin:/Users/pron/bin/jvmtop-0.8.0:/usr/local/go/bin
SHELL=/bin/zsh
DISPLAY=/tmp/launch-41iP2A/org.macosforge.xquartz:0

Signal Handlers:
SIGSEGV: [libjvm.dylib+0x55faef], sa_mask[0]=0xfffefeff, sa_flags=0x00000043
SIGBUS: [libjvm.dylib+0x55faef], sa_mask[0]=0xfffefeff, sa_flags=0x00000042
SIGFPE: [libjvm.dylib+0x44305a], sa_mask[0]=0xfffefeff, sa_flags=0x00000042
SIGPIPE: [libjvm.dylib+0x44305a], sa_mask[0]=0xfffefeff, sa_flags=0x00000042
SIGXFSZ: [libjvm.dylib+0x44305a], sa_mask[0]=0xfffefeff, sa_flags=0x00000042
SIGILL: [libjvm.dylib+0x44305a], sa_mask[0]=0xfffefeff, sa_flags=0x00000042
SIGUSR1: SIG_DFL, sa_mask[0]=0x00000000, sa_flags=0x00000002
SIGUSR2: [libjvm.dylib+0x442b78], sa_mask[0]=0x00000000, sa_flags=0x00000042
SIGHUP: [libjvm.dylib+0x440f05], sa_mask[0]=0xfffefeff, sa_flags=0x00000042
SIGINT: [libjvm.dylib+0x440f05], sa_mask[0]=0xfffefeff, sa_flags=0x00000042
SIGTERM: [libjvm.dylib+0x440f05], sa_mask[0]=0xfffefeff, sa_flags=0x00000042
SIGQUIT: [libjvm.dylib+0x440f05], sa_mask[0]=0xfffefeff, sa_flags=0x00000042


---------------  S Y S T E M  ---------------

OS:Bsduname:Darwin 13.1.0 Darwin Kernel Version 13.1.0: Thu Jan 16 19:40:37 PST 2014; root:xnu-2422.90.20~2/RELEASE_X86_64 x86_64
rlimit: STACK 8192k, CORE 0k, NPROC 709, NOFILE 10240, AS infinity
load average:6.89 8.33 4.95

CPU:total 8 (4 cores per cpu, 2 threads per core) family 6 model 58 stepping 9, cmov, cx8, fxsr, mmx, sse, sse2, sse3, ssse3, sse4.1, sse4.2, popcnt, avx, aes, clmul, erms, ht, tsc, tscinvbit

Memory: 4k page, physical 8388608k(49720k free)

/proc/meminfo:


vm_info: Java HotSpot(TM) 64-Bit Server VM (25.0-b70) for bsd-amd64 JRE (1.8.0-b132), built on Mar  4 2014 03:11:43 by "java_re" with gcc 4.2.1 (Based on Apple Inc. build 5658) (LLVM build 2336.11.00)

time: Sun Apr 20 17:41:36 2014
elapsed time: 2 seconds

